10:19:51 **** Incremental Build of configuration Debug for project TestingCPlusPlus ****
make -j8 all 
arm-none-eabi-g++ "../CPP/Src/maincpp.cpp" -mcpu=cortex-m4 -std=gnu++14 -g3 -DDEBUG -DUSE_HAL_DRIVER -DSTM32F405xx -c -I../Core/Inc -I../Drivers/STM32F4xx_HAL_Driver/Inc -I../Drivers/STM32F4xx_HAL_Driver/Inc/Legacy -I../Drivers/CMSIS/Device/ST/STM32F4xx/Include -I../Drivers/CMSIS/Include -I"D:/GitHub/Aleatorios/STM32/TestingCPlusPlus/CPP/Inc" -include"D:/GitHub/Aleatorios/STM32/TestingCPlusPlus/Core/Src" -include"D:/GitHub/Aleatorios/STM32/TestingCPlusPlus/Core/Inc/main.h" -include"D:/GitHub/Aleatorios/STM32/TestingCPlusPlus/Core/Inc/main.h" -O0 -ffunction-sections -fdata-sections -fno-exceptions -fno-rtti -fno-use-cxa-atexit -Wall -fstack-usage -MMD -MP -MF"CPP/Src/maincpp.d" -MT"CPP/Src/maincpp.o" --specs=nano.specs -mfpu=fpv4-sp-d16 -mfloat-abi=hard -mthumb -o "CPP/Src/maincpp.o"
cc1plus.exe: fatal error: D:/GitHub/Aleatorios/STM32/TestingCPlusPlus/Core/Src: No such file or directory
compilation terminated.
make: *** [CPP/Src/subdir.mk:19: CPP/Src/maincpp.o] Error 1
"make -j8 all" terminated with exit code 2. Build might be incomplete.

10:19:51 Build Failed. 1 errors, 0 warnings. (took 255ms)

